<?xml version="1.0" encoding="UTF-8"?>
<coverage generated="1721078534073" clover="3.2.0">
  <project timestamp="1721078534073" name="All files">
    <metrics statements="66" coveredstatements="63" conditionals="15" coveredconditionals="13" methods="36" coveredmethods="33" elements="117" coveredelements="109" complexity="0" loc="66" ncloc="66" packages="1" files="5" classes="5"/>
    <file name="alumno.js" path="C:\Users\Luca\Desktop\instancia 2\segunda_instancia\src\domain\alumno.js">
      <metrics statements="10" coveredstatements="10" conditionals="0" coveredconditionals="0" methods="7" coveredmethods="7"/>
      <line num="4" count="29" type="stmt"/>
      <line num="5" count="29" type="stmt"/>
      <line num="6" count="29" type="stmt"/>
      <line num="9" count="1" type="stmt"/>
      <line num="13" count="3" type="stmt"/>
      <line num="17" count="3" type="stmt"/>
      <line num="21" count="2" type="stmt"/>
      <line num="25" count="3" type="stmt"/>
      <line num="29" count="2" type="stmt"/>
      <line num="33" count="1" type="stmt"/>
    </file>
    <file name="menu.js" path="C:\Users\Luca\Desktop\instancia 2\segunda_instancia\src\domain\menu.js">
      <metrics statements="7" coveredstatements="7" conditionals="0" coveredconditionals="0" methods="5" coveredmethods="5"/>
      <line num="7" count="23" type="stmt"/>
      <line num="8" count="23" type="stmt"/>
      <line num="9" count="23" type="stmt"/>
      <line num="13" count="1" type="stmt"/>
      <line num="17" count="1" type="stmt"/>
      <line num="21" count="2" type="stmt"/>
      <line num="25" count="1" type="stmt"/>
    </file>
    <file name="padre.js" path="C:\Users\Luca\Desktop\instancia 2\segunda_instancia\src\domain\padre.js">
      <metrics statements="5" coveredstatements="3" conditionals="0" coveredconditionals="0" methods="4" coveredmethods="2"/>
      <line num="4" count="18" type="stmt"/>
      <line num="8" count="1" type="stmt"/>
      <line num="12" count="2" type="stmt"/>
      <line num="15" count="0" type="stmt"/>
      <line num="18" count="0" type="stmt"/>
    </file>
    <file name="sistema.js" path="C:\Users\Luca\Desktop\instancia 2\segunda_instancia\src\domain\sistema.js">
      <metrics statements="37" coveredstatements="36" conditionals="15" coveredconditionals="13" methods="14" coveredmethods="13"/>
      <line num="9" count="15" type="stmt"/>
      <line num="10" count="15" type="stmt"/>
      <line num="11" count="15" type="stmt"/>
      <line num="12" count="15" type="stmt"/>
      <line num="16" count="18" type="stmt"/>
      <line num="19" count="1" type="stmt"/>
      <line num="20" count="1" type="cond" truecount="1" falsecount="1"/>
      <line num="21" count="1" type="stmt"/>
      <line num="22" count="1" type="stmt"/>
      <line num="27" count="15" type="stmt"/>
      <line num="32" count="3" type="stmt"/>
      <line num="33" count="3" type="stmt"/>
      <line num="34" count="3" type="stmt"/>
      <line num="35" count="3" type="cond" truecount="2" falsecount="0"/>
      <line num="36" count="2" type="stmt"/>
      <line num="39" count="3" type="stmt"/>
      <line num="44" count="3" type="cond" truecount="5" falsecount="0"/>
      <line num="49" count="2" type="stmt"/>
      <line num="51" count="1" type="stmt"/>
      <line num="52" count="1" type="cond" truecount="1" falsecount="1"/>
      <line num="53" count="1" type="stmt"/>
      <line num="59" count="3" type="stmt"/>
      <line num="60" count="3" type="stmt"/>
      <line num="61" count="3" type="stmt"/>
      <line num="62" count="3" type="cond" truecount="2" falsecount="0"/>
      <line num="63" count="2" type="stmt"/>
      <line num="66" count="3" type="stmt"/>
      <line num="70" count="2" type="stmt"/>
      <line num="71" count="5" type="cond" truecount="2" falsecount="0"/>
      <line num="72" count="1" type="stmt"/>
      <line num="75" count="1" type="stmt"/>
      <line num="79" count="1" type="stmt"/>
      <line num="83" count="1" type="stmt"/>
      <line num="86" count="22" type="stmt"/>
      <line num="89" count="0" type="stmt"/>
      <line num="92" count="1" type="stmt"/>
      <line num="95" count="1" type="stmt"/>
    </file>
    <file name="usuario.js" path="C:\Users\Luca\Desktop\instancia 2\segunda_instancia\src\domain\usuario.js">
      <metrics statements="7" coveredstatements="7" conditionals="0" coveredconditionals="0" methods="6" coveredmethods="6"/>
      <line num="5" count="52" type="stmt"/>
      <line num="6" count="52" type="stmt"/>
      <line num="10" count="18" type="stmt"/>
      <line num="14" count="1" type="stmt"/>
      <line num="18" count="7" type="stmt"/>
      <line num="22" count="13" type="stmt"/>
      <line num="26" count="2" type="stmt"/>
    </file>
  </project>
</coverage>
