{"C:\\Users\\Luca\\Desktop\\instancia 2\\segunda_instancia\\src\\domain\\alumno.js": {"path":"C:\\Users\\Luca\\Desktop\\instancia 2\\segunda_instancia\\src\\domain\\alumno.js","statementMap":{"0":{"start":{"line":4,"column":16},"end":{"line":4,"column":21}},"1":{"start":{"line":5,"column":17},"end":{"line":5,"column":19}},"2":{"start":{"line":6,"column":19},"end":{"line":6,"column":21}},"3":{"start":{"line":9,"column":4},"end":{"line":9,"column":28}},"4":{"start":{"line":13,"column":4},"end":{"line":13,"column":31}},"5":{"start":{"line":17,"column":4},"end":{"line":17,"column":29}},"6":{"start":{"line":21,"column":4},"end":{"line":21,"column":33}},"7":{"start":{"line":25,"column":4},"end":{"line":25,"column":44}},"8":{"start":{"line":29,"column":4},"end":{"line":29,"column":31}},"9":{"start":{"line":33,"column":4},"end":{"line":33,"column":28}}},"fnMap":{"0":{"name":"(anonymous_0)","decl":{"start":{"line":8,"column":2},"end":{"line":8,"column":3}},"loc":{"start":{"line":8,"column":17},"end":{"line":10,"column":3}},"line":8},"1":{"name":"(anonymous_1)","decl":{"start":{"line":12,"column":2},"end":{"line":12,"column":3}},"loc":{"start":{"line":12,"column":24},"end":{"line":14,"column":3}},"line":12},"2":{"name":"(anonymous_2)","decl":{"start":{"line":16,"column":2},"end":{"line":16,"column":3}},"loc":{"start":{"line":16,"column":20},"end":{"line":18,"column":3}},"line":16},"3":{"name":"(anonymous_3)","decl":{"start":{"line":20,"column":2},"end":{"line":20,"column":3}},"loc":{"start":{"line":20,"column":18},"end":{"line":22,"column":3}},"line":20},"4":{"name":"(anonymous_4)","decl":{"start":{"line":24,"column":2},"end":{"line":24,"column":3}},"loc":{"start":{"line":24,"column":33},"end":{"line":26,"column":3}},"line":24},"5":{"name":"(anonymous_5)","decl":{"start":{"line":28,"column":2},"end":{"line":28,"column":3}},"loc":{"start":{"line":28,"column":20},"end":{"line":30,"column":3}},"line":28},"6":{"name":"(anonymous_6)","decl":{"start":{"line":32,"column":2},"end":{"line":32,"column":3}},"loc":{"start":{"line":32,"column":12},"end":{"line":34,"column":3}},"line":32}},"branchMap":{},"s":{"0":37,"1":37,"2":37,"3":1,"4":3,"5":8,"6":5,"7":3,"8":2,"9":3},"f":{"0":1,"1":3,"2":8,"3":5,"4":3,"5":2,"6":3},"b":{},"_coverageSchema":"1a1c01bbd47fc00a2c39e90264f33305004495a9","hash":"192b258e3adfb20834cb5bbd9d8e42a4ce346fcb"}
,"C:\\Users\\Luca\\Desktop\\instancia 2\\segunda_instancia\\src\\domain\\menu.js": {"path":"C:\\Users\\Luca\\Desktop\\instancia 2\\segunda_instancia\\src\\domain\\menu.js","statementMap":{"0":{"start":{"line":7,"column":4},"end":{"line":7,"column":26}},"1":{"start":{"line":8,"column":4},"end":{"line":8,"column":36}},"2":{"start":{"line":9,"column":4},"end":{"line":9,"column":30}},"3":{"start":{"line":13,"column":4},"end":{"line":13,"column":29}},"4":{"start":{"line":17,"column":4},"end":{"line":17,"column":26}},"5":{"start":{"line":21,"column":4},"end":{"line":21,"column":24}},"6":{"start":{"line":25,"column":4},"end":{"line":25,"column":24}}},"fnMap":{"0":{"name":"(anonymous_0)","decl":{"start":{"line":6,"column":2},"end":{"line":6,"column":3}},"loc":{"start":{"line":6,"column":44},"end":{"line":10,"column":3}},"line":6},"1":{"name":"(anonymous_1)","decl":{"start":{"line":12,"column":2},"end":{"line":12,"column":3}},"loc":{"start":{"line":12,"column":18},"end":{"line":14,"column":3}},"line":12},"2":{"name":"(anonymous_2)","decl":{"start":{"line":16,"column":2},"end":{"line":16,"column":3}},"loc":{"start":{"line":16,"column":16},"end":{"line":18,"column":3}},"line":16},"3":{"name":"(anonymous_3)","decl":{"start":{"line":20,"column":2},"end":{"line":20,"column":3}},"loc":{"start":{"line":20,"column":13},"end":{"line":22,"column":3}},"line":20},"4":{"name":"(anonymous_4)","decl":{"start":{"line":24,"column":2},"end":{"line":24,"column":3}},"loc":{"start":{"line":24,"column":12},"end":{"line":26,"column":3}},"line":24}},"branchMap":{},"s":{"0":31,"1":31,"2":31,"3":1,"4":1,"5":2,"6":1},"f":{"0":31,"1":1,"2":1,"3":2,"4":1},"b":{},"_coverageSchema":"1a1c01bbd47fc00a2c39e90264f33305004495a9","hash":"6d3d7317f09b53a50921dbe1fb4f2453c3bd44e6"}
,"C:\\Users\\Luca\\Desktop\\instancia 2\\segunda_instancia\\src\\domain\\padre.js": {"path":"C:\\Users\\Luca\\Desktop\\instancia 2\\segunda_instancia\\src\\domain\\padre.js","statementMap":{"0":{"start":{"line":4,"column":11},"end":{"line":4,"column":13}},"1":{"start":{"line":8,"column":4},"end":{"line":8,"column":30}},"2":{"start":{"line":12,"column":4},"end":{"line":12,"column":29}},"3":{"start":{"line":15,"column":4},"end":{"line":15,"column":28}},"4":{"start":{"line":18,"column":4},"end":{"line":18,"column":23}}},"fnMap":{"0":{"name":"(anonymous_0)","decl":{"start":{"line":7,"column":2},"end":{"line":7,"column":3}},"loc":{"start":{"line":7,"column":18},"end":{"line":9,"column":3}},"line":7},"1":{"name":"(anonymous_1)","decl":{"start":{"line":11,"column":2},"end":{"line":11,"column":3}},"loc":{"start":{"line":11,"column":23},"end":{"line":13,"column":3}},"line":11},"2":{"name":"(anonymous_2)","decl":{"start":{"line":14,"column":2},"end":{"line":14,"column":3}},"loc":{"start":{"line":14,"column":12},"end":{"line":16,"column":3}},"line":14},"3":{"name":"(anonymous_3)","decl":{"start":{"line":17,"column":2},"end":{"line":17,"column":3}},"loc":{"start":{"line":17,"column":12},"end":{"line":19,"column":3}},"line":17}},"branchMap":{},"s":{"0":30,"1":1,"2":2,"3":1,"4":1},"f":{"0":1,"1":2,"2":1,"3":1},"b":{},"_coverageSchema":"1a1c01bbd47fc00a2c39e90264f33305004495a9","hash":"254106f4cdf561cb91dcf8e2d0757f64fe5d1a28"}
,"C:\\Users\\Luca\\Desktop\\instancia 2\\segunda_instancia\\src\\domain\\sistema.js": {"path":"C:\\Users\\Luca\\Desktop\\instancia 2\\segunda_instancia\\src\\domain\\sistema.js","statementMap":{"0":{"start":{"line":9,"column":4},"end":{"line":9,"column":23}},"1":{"start":{"line":10,"column":4},"end":{"line":10,"column":22}},"2":{"start":{"line":11,"column":4},"end":{"line":11,"column":21}},"3":{"start":{"line":12,"column":4},"end":{"line":12,"column":29}},"4":{"start":{"line":16,"column":4},"end":{"line":16,"column":28}},"5":{"start":{"line":19,"column":15},"end":{"line":19,"column":20}},"6":{"start":{"line":20,"column":4},"end":{"line":26,"column":5}},"7":{"start":{"line":20,"column":17},"end":{"line":20,"column":18}},"8":{"start":{"line":21,"column":6},"end":{"line":25,"column":7}},"9":{"start":{"line":22,"column":8},"end":{"line":22,"column":47}},"10":{"start":{"line":23,"column":8},"end":{"line":23,"column":61}},"11":{"start":{"line":24,"column":8},"end":{"line":24,"column":20}},"12":{"start":{"line":27,"column":4},"end":{"line":29,"column":5}},"13":{"start":{"line":28,"column":6},"end":{"line":28,"column":54}},"14":{"start":{"line":32,"column":4},"end":{"line":32,"column":27}},"15":{"start":{"line":37,"column":17},"end":{"line":37,"column":22}},"16":{"start":{"line":38,"column":4},"end":{"line":43,"column":5}},"17":{"start":{"line":38,"column":14},"end":{"line":38,"column":15}},"18":{"start":{"line":39,"column":17},"end":{"line":39,"column":33}},"19":{"start":{"line":40,"column":6},"end":{"line":42,"column":7}},"20":{"start":{"line":41,"column":8},"end":{"line":41,"column":55}},"21":{"start":{"line":44,"column":4},"end":{"line":44,"column":20}},"22":{"start":{"line":49,"column":4},"end":{"line":55,"column":5}},"23":{"start":{"line":54,"column":6},"end":{"line":54,"column":78}},"24":{"start":{"line":56,"column":15},"end":{"line":56,"column":20}},"25":{"start":{"line":57,"column":4},"end":{"line":62,"column":5}},"26":{"start":{"line":57,"column":17},"end":{"line":57,"column":18}},"27":{"start":{"line":58,"column":6},"end":{"line":61,"column":7}},"28":{"start":{"line":59,"column":8},"end":{"line":59,"column":53}},"29":{"start":{"line":60,"column":8},"end":{"line":60,"column":19}},"30":{"start":{"line":63,"column":4},"end":{"line":65,"column":5}},"31":{"start":{"line":64,"column":6},"end":{"line":64,"column":54}},"32":{"start":{"line":69,"column":17},"end":{"line":69,"column":22}},"33":{"start":{"line":70,"column":4},"end":{"line":75,"column":5}},"34":{"start":{"line":70,"column":14},"end":{"line":70,"column":15}},"35":{"start":{"line":71,"column":16},"end":{"line":71,"column":31}},"36":{"start":{"line":72,"column":6},"end":{"line":74,"column":7}},"37":{"start":{"line":73,"column":8},"end":{"line":73,"column":55}},"38":{"start":{"line":76,"column":4},"end":{"line":76,"column":20}},"39":{"start":{"line":80,"column":4},"end":{"line":84,"column":5}},"40":{"start":{"line":80,"column":17},"end":{"line":80,"column":18}},"41":{"start":{"line":81,"column":6},"end":{"line":83,"column":7}},"42":{"start":{"line":82,"column":8},"end":{"line":82,"column":36}},"43":{"start":{"line":85,"column":4},"end":{"line":85,"column":52}},"44":{"start":{"line":89,"column":4},"end":{"line":89,"column":27}},"45":{"start":{"line":93,"column":4},"end":{"line":93,"column":23}},"46":{"start":{"line":96,"column":4},"end":{"line":96,"column":25}},"47":{"start":{"line":99,"column":4},"end":{"line":99,"column":24}},"48":{"start":{"line":102,"column":4},"end":{"line":102,"column":33}},"49":{"start":{"line":105,"column":4},"end":{"line":105,"column":31}}},"fnMap":{"0":{"name":"(anonymous_0)","decl":{"start":{"line":8,"column":2},"end":{"line":8,"column":3}},"loc":{"start":{"line":8,"column":15},"end":{"line":13,"column":3}},"line":8},"1":{"name":"(anonymous_1)","decl":{"start":{"line":15,"column":2},"end":{"line":15,"column":3}},"loc":{"start":{"line":15,"column":20},"end":{"line":17,"column":3}},"line":15},"2":{"name":"(anonymous_2)","decl":{"start":{"line":18,"column":2},"end":{"line":18,"column":3}},"loc":{"start":{"line":18,"column":31},"end":{"line":30,"column":3}},"line":18},"3":{"name":"(anonymous_3)","decl":{"start":{"line":31,"column":2},"end":{"line":31,"column":3}},"loc":{"start":{"line":31,"column":19},"end":{"line":33,"column":3}},"line":31},"4":{"name":"(anonymous_4)","decl":{"start":{"line":36,"column":2},"end":{"line":36,"column":3}},"loc":{"start":{"line":36,"column":34},"end":{"line":45,"column":3}},"line":36},"5":{"name":"(anonymous_5)","decl":{"start":{"line":47,"column":2},"end":{"line":47,"column":3}},"loc":{"start":{"line":47,"column":41},"end":{"line":66,"column":3}},"line":47},"6":{"name":"(anonymous_6)","decl":{"start":{"line":68,"column":2},"end":{"line":68,"column":3}},"loc":{"start":{"line":68,"column":33},"end":{"line":77,"column":3}},"line":68},"7":{"name":"(anonymous_7)","decl":{"start":{"line":79,"column":2},"end":{"line":79,"column":3}},"loc":{"start":{"line":79,"column":24},"end":{"line":86,"column":3}},"line":79},"8":{"name":"(anonymous_8)","decl":{"start":{"line":88,"column":2},"end":{"line":88,"column":3}},"loc":{"start":{"line":88,"column":19},"end":{"line":90,"column":3}},"line":88},"9":{"name":"(anonymous_9)","decl":{"start":{"line":92,"column":2},"end":{"line":92,"column":3}},"loc":{"start":{"line":92,"column":11},"end":{"line":94,"column":3}},"line":92},"10":{"name":"(anonymous_10)","decl":{"start":{"line":95,"column":2},"end":{"line":95,"column":3}},"loc":{"start":{"line":95,"column":14},"end":{"line":97,"column":3}},"line":95},"11":{"name":"(anonymous_11)","decl":{"start":{"line":98,"column":2},"end":{"line":98,"column":3}},"loc":{"start":{"line":98,"column":13},"end":{"line":100,"column":3}},"line":98},"12":{"name":"(anonymous_12)","decl":{"start":{"line":101,"column":2},"end":{"line":101,"column":3}},"loc":{"start":{"line":101,"column":27},"end":{"line":103,"column":3}},"line":101},"13":{"name":"(anonymous_13)","decl":{"start":{"line":104,"column":2},"end":{"line":104,"column":3}},"loc":{"start":{"line":104,"column":21},"end":{"line":106,"column":3}},"line":104}},"branchMap":{"0":{"loc":{"start":{"line":21,"column":6},"end":{"line":25,"column":7}},"type":"if","locations":[{"start":{"line":21,"column":6},"end":{"line":25,"column":7}},{"start":{},"end":{}}],"line":21},"1":{"loc":{"start":{"line":27,"column":4},"end":{"line":29,"column":5}},"type":"if","locations":[{"start":{"line":27,"column":4},"end":{"line":29,"column":5}},{"start":{},"end":{}}],"line":27},"2":{"loc":{"start":{"line":40,"column":6},"end":{"line":42,"column":7}},"type":"if","locations":[{"start":{"line":40,"column":6},"end":{"line":42,"column":7}},{"start":{},"end":{}}],"line":40},"3":{"loc":{"start":{"line":49,"column":4},"end":{"line":55,"column":5}},"type":"if","locations":[{"start":{"line":49,"column":4},"end":{"line":55,"column":5}},{"start":{},"end":{}}],"line":49},"4":{"loc":{"start":{"line":49,"column":8},"end":{"line":53,"column":5}},"type":"binary-expr","locations":[{"start":{"line":49,"column":8},"end":{"line":49,"column":29}},{"start":{"line":49,"column":33},"end":{"line":49,"column":44}},{"start":{"line":49,"column":48},"end":{"line":53,"column":5}}],"line":49},"5":{"loc":{"start":{"line":58,"column":6},"end":{"line":61,"column":7}},"type":"if","locations":[{"start":{"line":58,"column":6},"end":{"line":61,"column":7}},{"start":{},"end":{}}],"line":58},"6":{"loc":{"start":{"line":63,"column":4},"end":{"line":65,"column":5}},"type":"if","locations":[{"start":{"line":63,"column":4},"end":{"line":65,"column":5}},{"start":{},"end":{}}],"line":63},"7":{"loc":{"start":{"line":72,"column":6},"end":{"line":74,"column":7}},"type":"if","locations":[{"start":{"line":72,"column":6},"end":{"line":74,"column":7}},{"start":{},"end":{}}],"line":72},"8":{"loc":{"start":{"line":81,"column":6},"end":{"line":83,"column":7}},"type":"if","locations":[{"start":{"line":81,"column":6},"end":{"line":83,"column":7}},{"start":{},"end":{}}],"line":81}},"s":{"0":23,"1":23,"2":23,"3":23,"4":27,"5":4,"6":4,"7":4,"8":5,"9":4,"10":4,"11":4,"12":4,"13":1,"14":25,"15":3,"16":3,"17":3,"18":3,"19":3,"20":2,"21":3,"22":4,"23":2,"24":2,"25":2,"26":2,"27":2,"28":1,"29":1,"30":2,"31":1,"32":3,"33":3,"34":3,"35":3,"36":3,"37":2,"38":3,"39":2,"40":2,"41":5,"42":1,"43":1,"44":1,"45":1,"46":42,"47":2,"48":1,"49":1},"f":{"0":23,"1":27,"2":4,"3":25,"4":3,"5":4,"6":3,"7":2,"8":1,"9":1,"10":42,"11":2,"12":1,"13":1},"b":{"0":[4,1],"1":[1,3],"2":[2,1],"3":[2,2],"4":[4,2,2],"5":[1,1],"6":[1,1],"7":[2,1],"8":[1,4]},"_coverageSchema":"1a1c01bbd47fc00a2c39e90264f33305004495a9","hash":"f8bf749ba94e9fd5c5e6837b14843fc4a3116ceb"}
,"C:\\Users\\Luca\\Desktop\\instancia 2\\segunda_instancia\\src\\domain\\usuario.js": {"path":"C:\\Users\\Luca\\Desktop\\instancia 2\\segunda_instancia\\src\\domain\\usuario.js","statementMap":{"0":{"start":{"line":5,"column":4},"end":{"line":5,"column":24}},"1":{"start":{"line":6,"column":4},"end":{"line":6,"column":34}},"2":{"start":{"line":10,"column":4},"end":{"line":10,"column":24}},"3":{"start":{"line":14,"column":4},"end":{"line":14,"column":24}},"4":{"start":{"line":18,"column":4},"end":{"line":18,"column":29}},"5":{"start":{"line":22,"column":4},"end":{"line":22,"column":34}},"6":{"start":{"line":26,"column":4},"end":{"line":26,"column":44}}},"fnMap":{"0":{"name":"(anonymous_0)","decl":{"start":{"line":4,"column":2},"end":{"line":4,"column":3}},"loc":{"start":{"line":4,"column":33},"end":{"line":7,"column":3}},"line":4},"1":{"name":"(anonymous_1)","decl":{"start":{"line":9,"column":2},"end":{"line":9,"column":3}},"loc":{"start":{"line":9,"column":14},"end":{"line":11,"column":3}},"line":9},"2":{"name":"(anonymous_2)","decl":{"start":{"line":13,"column":2},"end":{"line":13,"column":3}},"loc":{"start":{"line":13,"column":20},"end":{"line":15,"column":3}},"line":13},"3":{"name":"(anonymous_3)","decl":{"start":{"line":17,"column":2},"end":{"line":17,"column":3}},"loc":{"start":{"line":17,"column":18},"end":{"line":19,"column":3}},"line":17},"4":{"name":"(anonymous_4)","decl":{"start":{"line":21,"column":2},"end":{"line":21,"column":3}},"loc":{"start":{"line":21,"column":29},"end":{"line":23,"column":3}},"line":21},"5":{"name":"(anonymous_5)","decl":{"start":{"line":25,"column":2},"end":{"line":25,"column":3}},"loc":{"start":{"line":25,"column":34},"end":{"line":27,"column":3}},"line":25}},"branchMap":{},"s":{"0":72,"1":72,"2":21,"3":1,"4":7,"5":13,"6":2},"f":{"0":72,"1":21,"2":1,"3":7,"4":13,"5":2},"b":{},"_coverageSchema":"1a1c01bbd47fc00a2c39e90264f33305004495a9","hash":"ae759b5c43c550d28ebb02ec50cc9342c23ea88a"}
}
