TN:
SF:src\domain\alumno.js
FN:8,(anonymous_0)
FN:12,(anonymous_1)
FN:16,(anonymous_2)
FN:20,(anonymous_3)
FN:24,(anonymous_4)
FN:28,(anonymous_5)
FN:32,(anonymous_6)
FNF:7
FNH:7
FNDA:1,(anonymous_0)
FNDA:3,(anonymous_1)
FNDA:3,(anonymous_2)
FNDA:2,(anonymous_3)
FNDA:3,(anonymous_4)
FNDA:2,(anonymous_5)
FNDA:1,(anonymous_6)
DA:4,29
DA:5,29
DA:6,29
DA:9,1
DA:13,3
DA:17,3
DA:21,2
DA:25,3
DA:29,2
DA:33,1
LF:10
LH:10
BRF:0
BRH:0
end_of_record
TN:
SF:src\domain\menu.js
FN:6,(anonymous_0)
FN:12,(anonymous_1)
FN:16,(anonymous_2)
FN:20,(anonymous_3)
FN:24,(anonymous_4)
FNF:5
FNH:5
FNDA:23,(anonymous_0)
FNDA:1,(anonymous_1)
FNDA:1,(anonymous_2)
FNDA:2,(anonymous_3)
FNDA:1,(anonymous_4)
DA:7,23
DA:8,23
DA:9,23
DA:13,1
DA:17,1
DA:21,2
DA:25,1
LF:7
LH:7
BRF:0
BRH:0
end_of_record
TN:
SF:src\domain\padre.js
FN:7,(anonymous_0)
FN:11,(anonymous_1)
FN:14,(anonymous_2)
FN:17,(anonymous_3)
FNF:4
FNH:2
FNDA:1,(anonymous_0)
FNDA:2,(anonymous_1)
FNDA:0,(anonymous_2)
FNDA:0,(anonymous_3)
DA:4,18
DA:8,1
DA:12,2
DA:15,0
DA:18,0
LF:5
LH:3
BRF:0
BRH:0
end_of_record
TN:
SF:src\domain\sistema.js
FN:8,(anonymous_0)
FN:15,(anonymous_1)
FN:18,(anonymous_2)
FN:26,(anonymous_3)
FN:31,(anonymous_4)
FN:42,(anonymous_5)
FN:58,(anonymous_6)
FN:69,(anonymous_7)
FN:78,(anonymous_8)
FN:82,(anonymous_9)
FN:85,(anonymous_10)
FN:88,(anonymous_11)
FN:91,(anonymous_12)
FN:94,(anonymous_13)
FNF:14
FNH:13
FNDA:15,(anonymous_0)
FNDA:18,(anonymous_1)
FNDA:1,(anonymous_2)
FNDA:15,(anonymous_3)
FNDA:3,(anonymous_4)
FNDA:3,(anonymous_5)
FNDA:3,(anonymous_6)
FNDA:2,(anonymous_7)
FNDA:1,(anonymous_8)
FNDA:1,(anonymous_9)
FNDA:22,(anonymous_10)
FNDA:0,(anonymous_11)
FNDA:1,(anonymous_12)
FNDA:1,(anonymous_13)
DA:9,15
DA:10,15
DA:11,15
DA:12,15
DA:16,18
DA:19,1
DA:20,1
DA:21,1
DA:22,1
DA:27,15
DA:32,3
DA:33,3
DA:34,3
DA:35,3
DA:36,2
DA:39,3
DA:44,3
DA:49,2
DA:51,1
DA:52,1
DA:53,1
DA:59,3
DA:60,3
DA:61,3
DA:62,3
DA:63,2
DA:66,3
DA:70,2
DA:71,5
DA:72,1
DA:75,1
DA:79,1
DA:83,1
DA:86,22
DA:89,0
DA:92,1
DA:95,1
LF:37
LH:36
BRDA:20,0,0,1
BRDA:20,0,1,0
BRDA:35,1,0,2
BRDA:35,1,1,1
BRDA:44,2,0,2
BRDA:44,2,1,1
BRDA:44,3,0,3
BRDA:44,3,1,1
BRDA:44,3,2,1
BRDA:52,4,0,1
BRDA:52,4,1,0
BRDA:62,5,0,2
BRDA:62,5,1,1
BRDA:71,6,0,1
BRDA:71,6,1,4
BRF:15
BRH:13
end_of_record
TN:
SF:src\domain\usuario.js
FN:4,(anonymous_0)
FN:9,(anonymous_1)
FN:13,(anonymous_2)
FN:17,(anonymous_3)
FN:21,(anonymous_4)
FN:25,(anonymous_5)
FNF:6
FNH:6
FNDA:52,(anonymous_0)
FNDA:18,(anonymous_1)
FNDA:1,(anonymous_2)
FNDA:7,(anonymous_3)
FNDA:13,(anonymous_4)
FNDA:2,(anonymous_5)
DA:5,52
DA:6,52
DA:10,18
DA:14,1
DA:18,7
DA:22,13
DA:26,2
LF:7
LH:7
BRF:0
BRH:0
end_of_record
